0 info it worked if it ends with ok
1 verbose cli [ 'C:\\Program Files\\nodejs\\\\node.exe',
1 verbose cli   'C:\\Program Files\\nodejs\\node_modules\\npm\\bin\\npm-cli.js',
1 verbose cli   'install' ]
2 info using npm@1.4.28
3 info using node@v0.10.35
4 verbose node symlink C:\Program Files\nodejs\\node.exe
5 warn package.json stopwatch@1.0.0 No repository field.
6 verbose readDependencies using package.json deps
7 verbose install where, deps [ 'C:\\Users\\Veit\\Documents\\Projekte\\WebStormProjects\\Stopwatch',
7 verbose install   [ 'http-status-codes',
7 verbose install     'mysql',
7 verbose install     'ember-template-compiler',
7 verbose install     'grunt',
7 verbose install     'grunt-contrib-concat',
7 verbose install     'grunt-contrib-jshint',
7 verbose install     'grunt-contrib-uglify',
7 verbose install     'grunt-contrib-watch',
7 verbose install     'grunt-ember-templates',
7 verbose install     'handlebars' ] ]
8 info preinstall stopwatch@1.0.0
9 verbose readDependencies using package.json deps
10 verbose already installed skipping http-status-codes@^1.0.2 C:\Users\Veit\Documents\Projekte\WebStormProjects\Stopwatch
11 verbose already installed skipping mysql@^2.5.2 C:\Users\Veit\Documents\Projekte\WebStormProjects\Stopwatch
12 verbose cache add [ 'ember-template-compiler@^1.11.1', null ]
13 verbose cache add name=undefined spec="ember-template-compiler@^1.11.1" args=["ember-template-compiler@^1.11.1",null]
14 verbose parsed url { protocol: null,
14 verbose parsed url   slashes: null,
14 verbose parsed url   auth: null,
14 verbose parsed url   host: null,
14 verbose parsed url   port: null,
14 verbose parsed url   hostname: null,
14 verbose parsed url   hash: null,
14 verbose parsed url   search: null,
14 verbose parsed url   query: null,
14 verbose parsed url   pathname: 'ember-template-compiler@^1.11.1',
14 verbose parsed url   path: 'ember-template-compiler@^1.11.1',
14 verbose parsed url   href: 'ember-template-compiler@^1.11.1' }
15 verbose already installed skipping grunt@~0.4.5 C:\Users\Veit\Documents\Projekte\WebStormProjects\Stopwatch
16 verbose already installed skipping grunt-contrib-concat@^0.5.0 C:\Users\Veit\Documents\Projekte\WebStormProjects\Stopwatch
17 verbose already installed skipping grunt-contrib-jshint@^0.10.0 C:\Users\Veit\Documents\Projekte\WebStormProjects\Stopwatch
18 verbose already installed skipping grunt-contrib-uglify@^0.5.1 C:\Users\Veit\Documents\Projekte\WebStormProjects\Stopwatch
19 verbose already installed skipping grunt-contrib-watch@^0.6.1 C:\Users\Veit\Documents\Projekte\WebStormProjects\Stopwatch
20 verbose already installed skipping grunt-ember-templates@^0.4.21 C:\Users\Veit\Documents\Projekte\WebStormProjects\Stopwatch
21 verbose already installed skipping handlebars@^1.3.0 C:\Users\Veit\Documents\Projekte\WebStormProjects\Stopwatch
22 verbose cache add name="ember-template-compiler" spec="^1.11.1" args=["ember-template-compiler","^1.11.1"]
23 verbose parsed url { protocol: null,
23 verbose parsed url   slashes: null,
23 verbose parsed url   auth: null,
23 verbose parsed url   host: null,
23 verbose parsed url   port: null,
23 verbose parsed url   hostname: null,
23 verbose parsed url   hash: null,
23 verbose parsed url   search: null,
23 verbose parsed url   query: null,
23 verbose parsed url   pathname: '^1.11.1',
23 verbose parsed url   path: '^1.11.1',
23 verbose parsed url   href: '^1.11.1' }
24 verbose addNamed [ 'ember-template-compiler', '^1.11.1' ]
25 verbose addNamed [ null, '>=1.11.1-0 <2.0.0-0' ]
26 silly lockFile 57d1bb6f-ember-template-compiler-1-11-1 ember-template-compiler@^1.11.1
27 verbose lock ember-template-compiler@^1.11.1 C:\Users\Veit\AppData\Roaming\npm-cache\57d1bb6f-ember-template-compiler-1-11-1.lock
28 silly addNameRange { name: 'ember-template-compiler',
28 silly addNameRange   range: '>=1.11.1-0 <2.0.0-0',
28 silly addNameRange   hasData: false }
29 verbose request where is /ember-template-compiler
30 verbose request registry https://registry.npmjs.org/
31 verbose request id 8041de6cb4559308
32 verbose url raw /ember-template-compiler
33 verbose url resolving [ 'https://registry.npmjs.org/', './ember-template-compiler' ]
34 verbose url resolved https://registry.npmjs.org/ember-template-compiler
35 verbose request where is https://registry.npmjs.org/ember-template-compiler
36 info trying registry request attempt 1 at 17:16:17
37 verbose etag "226DCM6MGCKNM9KLO6QVHV22B"
38 http GET https://registry.npmjs.org/ember-template-compiler
39 http 200 https://registry.npmjs.org/ember-template-compiler
40 silly registry.get cb [ 200,
40 silly registry.get   { server: 'CouchDB/1.5.0 (Erlang OTP/R16B03)',
40 silly registry.get     etag: '"AT1355PKK8CYOZTPROU5N95W7"',
40 silly registry.get     'content-type': 'application/json',
40 silly registry.get     'cache-control': 'max-age=60',
40 silly registry.get     'content-length': '36014',
40 silly registry.get     'accept-ranges': 'bytes',
40 silly registry.get     date: 'Fri, 08 May 2015 15:16:15 GMT',
40 silly registry.get     via: '1.1 varnish',
40 silly registry.get     age: '28',
40 silly registry.get     connection: 'keep-alive',
40 silly registry.get     'x-served-by': 'cache-fra1220-FRA',
40 silly registry.get     'x-cache': 'HIT',
40 silly registry.get     'x-cache-hits': '1',
40 silly registry.get     'x-timer': 'S1431098175.441993,VS0,VE0',
40 silly registry.get     vary: 'Accept' } ]
41 silly addNameRange number 2 { name: 'ember-template-compiler',
41 silly addNameRange   range: '>=1.11.1-0 <2.0.0-0',
41 silly addNameRange   hasData: true }
42 silly addNameRange versions [ 'ember-template-compiler',
42 silly addNameRange   [ '0.0.1',
42 silly addNameRange     '0.0.5',
42 silly addNameRange     '0.0.6',
42 silly addNameRange     '1.1.2',
42 silly addNameRange     '1.2.0',
42 silly addNameRange     '1.3.0-beta.2',
42 silly addNameRange     '1.3.0-beta.3',
42 silly addNameRange     '1.3.0-beta.3.1',
42 silly addNameRange     '1.3.0-beta.4',
42 silly addNameRange     '1.3.0',
42 silly addNameRange     '1.4.0-beta.1',
42 silly addNameRange     '1.4.0',
42 silly addNameRange     '1.5.0-beta.3',
42 silly addNameRange     '1.5.0-beta.4',
42 silly addNameRange     '1.5.0',
42 silly addNameRange     '1.6.0-beta.1',
42 silly addNameRange     '1.6.0-beta.2',
42 silly addNameRange     '1.5.1',
42 silly addNameRange     '1.6.0-beta.3',
42 silly addNameRange     '1.6.0-beta.4',
42 silly addNameRange     '1.6.0-beta.5',
42 silly addNameRange     '1.6.0',
42 silly addNameRange     '1.7.0-beta.1',
42 silly addNameRange     '1.6.1',
42 silly addNameRange     '1.7.0',
42 silly addNameRange     '1.9.0-alpha',
42 silly addNameRange     '1.8.0' ] ]
43 silly lockFile 57d1bb6f-ember-template-compiler-1-11-1 ember-template-compiler@^1.11.1
44 silly lockFile 57d1bb6f-ember-template-compiler-1-11-1 ember-template-compiler@^1.11.1
45 error notarget No compatible version found: ember-template-compiler@'>=1.11.1-0 <2.0.0-0'
45 error notarget Valid install targets:
45 error notarget ["0.0.1","0.0.5","0.0.6","1.1.2","1.2.0","1.3.0-beta.2","1.3.0-beta.3","1.3.0-beta.3.1","1.3.0-beta.4","1.3.0","1.4.0-beta.1","1.4.0","1.5.0-beta.3","1.5.0-beta.4","1.5.0","1.6.0-beta.1","1.6.0-beta.2","1.5.1","1.6.0-beta.3","1.6.0-beta.4","1.6.0-beta.5","1.6.0","1.7.0-beta.1","1.6.1","1.7.0","1.9.0-alpha","1.8.0"]
45 error notarget
45 error notarget This is most likely not a problem with npm itself.
45 error notarget In most cases you or one of your dependencies are requesting
45 error notarget a package version that doesn't exist.
46 error System Windows_NT 6.1.7601
47 error command "C:\\Program Files\\nodejs\\\\node.exe" "C:\\Program Files\\nodejs\\node_modules\\npm\\bin\\npm-cli.js" "install"
48 error cwd C:\Users\Veit\Documents\Projekte\WebStormProjects\Stopwatch
49 error node -v v0.10.35
50 error npm -v 1.4.28
51 error code ETARGET
52 verbose exit [ 1, true ]
